2022-11-09 22:05:22,915	INFO	预约成功
2024-02-12 22:12:46,501	INFO	存在黑名单用户，不可执行预约操作
2024-02-12 22:12:46,501	ERROR	An error occurred: 存在黑名单用户，不可执行预约操作
2024-02-13 22:15:21,073	INFO	预约成功
2024-02-14 22:13:13,470	INFO	预约成功
2024-02-15 22:13:20,058	INFO	预约成功<br/>您已违约1次,详情请登录web端或联系管理员
2024-02-16 22:13:11,887	INFO	预约成功<br/>您已违约2次,详情请登录web端或联系管理员
2024-02-17 22:14:19,159	INFO	存在黑名单用户，不可执行预约操作
2024-02-17 22:14:19,159	ERROR	An error occurred: 存在黑名单用户，不可执行预约操作
2024-02-18 22:14:27,598	INFO	存在黑名单用户，不可执行预约操作
2024-02-18 22:14:27,599	ERROR	An error occurred: 存在黑名单用户，不可执行预约操作
2024-02-19 22:13:53,757	INFO	存在黑名单用户，不可执行预约操作
2024-02-19 22:13:53,757	ERROR	An error occurred: 存在黑名单用户，不可执行预约操作
2024-02-20 22:13:07,099	INFO	预约成功
2024-02-21 22:12:51,828	INFO	当前用户在该时段已存在预约，不可重复预约
2024-02-21 22:12:51,828	ERROR	An error occurred: 当前用户在该时段已存在预约，不可重复预约
2024-02-22 22:13:06,382	INFO	当前用户在该时段已存在预约，不可重复预约
2024-02-22 22:13:06,382	ERROR	An error occurred: 当前用户在该时段已存在预约，不可重复预约
2024-02-23 22:12:44,492	INFO	当前用户在该时段已存在预约，不可重复预约
2024-02-23 22:12:44,492	ERROR	An error occurred: 当前用户在该时段已存在预约，不可重复预约
2024-02-24 22:13:05,445	INFO	存在黑名单用户，不可执行预约操作
2024-02-24 22:13:05,445	ERROR	An error occurred: 存在黑名单用户，不可执行预约操作
2024-02-25 22:13:24,061	INFO	存在黑名单用户，不可执行预约操作
2024-02-25 22:13:24,061	ERROR	An error occurred: 存在黑名单用户，不可执行预约操作
2024-02-26 22:14:19,767	INFO	存在黑名单用户，不可执行预约操作
2024-02-26 22:14:19,767	ERROR	An error occurred: 存在黑名单用户，不可执行预约操作
2024-02-27 22:14:43,160	INFO	当前用户在该时段已存在预约，不可重复预约
2024-02-27 22:14:43,160	ERROR	An error occurred: 当前用户在该时段已存在预约，不可重复预约
2024-02-28 22:12:44,826	INFO	当前用户在该时段已存在预约，不可重复预约
2024-02-28 22:12:44,826	ERROR	An error occurred: 当前用户在该时段已存在预约，不可重复预约
2024-02-29 22:12:39,003	INFO	当前用户在该时段已存在预约，不可重复预约
2024-02-29 22:12:39,003	ERROR	An error occurred: 当前用户在该时段已存在预约，不可重复预约
2024-03-01 22:12:59,895	INFO	当前用户在该时段已存在预约，不可重复预约
2024-03-01 22:12:59,895	ERROR	An error occurred: 当前用户在该时段已存在预约，不可重复预约
2024-03-02 22:13:12,248	INFO	存在黑名单用户，不可执行预约操作
2024-03-02 22:13:12,248	ERROR	An error occurred: 存在黑名单用户，不可执行预约操作
2024-03-03 22:12:13,675	INFO	存在黑名单用户，不可执行预约操作
2024-03-03 22:12:13,675	ERROR	An error occurred: 存在黑名单用户，不可执行预约操作
2024-03-04 22:12:42,275	INFO	存在黑名单用户，不可执行预约操作
2024-03-04 22:12:42,276	ERROR	An error occurred: 存在黑名单用户，不可执行预约操作
2024-03-05 22:12:59,430	INFO	当前用户在该时段已存在预约，不可重复预约
2024-03-05 22:12:59,430	ERROR	An error occurred: 当前用户在该时段已存在预约，不可重复预约
2024-03-06 22:14:00,591	INFO	当前用户在该时段已存在预约，不可重复预约
2024-03-06 22:14:00,591	ERROR	An error occurred: 当前用户在该时段已存在预约，不可重复预约
2024-03-07 22:13:10,850	INFO	当前用户在该时段已存在预约，不可重复预约
2024-03-07 22:13:10,850	ERROR	An error occurred: 当前用户在该时段已存在预约，不可重复预约
2024-03-08 22:14:57,581	INFO	当前用户在该时段已存在预约，不可重复预约
2024-03-08 22:14:57,581	ERROR	An error occurred: 当前用户在该时段已存在预约，不可重复预约
2024-03-09 22:13:58,997	INFO	存在黑名单用户，不可执行预约操作
2024-03-09 22:13:58,997	ERROR	An error occurred: 存在黑名单用户，不可执行预约操作
2024-03-10 22:14:07,697	INFO	存在黑名单用户，不可执行预约操作
2024-03-10 22:14:07,697	ERROR	An error occurred: 存在黑名单用户，不可执行预约操作
2025-06-03 03:32:07,826	INFO	由于您长时间未操作，正在重新登录
2025-06-03 03:32:07,826	ERROR	An error occurred: 由于您长时间未操作，正在重新登录
2025-06-03 22:24:44,978	INFO	预约成功<br/>您已违约1次,详情请登录web端或联系管理员
2025-06-05 14:27:13,426	INFO	该空间当前状态不可预约
2025-06-05 14:27:13,427	ERROR	An error occurred: 该空间当前状态不可预约
2025-06-05 14:30:00,816	INFO	预约成功<br/>您已违约2次,详情请登录web端或联系管理员
2025-06-05 22:23:11,710	INFO	预约成功<br/>您已违约2次,详情请登录web端或联系管理员
2025-06-06 22:24:33,502	INFO	预约成功<br/>您已违约2次,详情请登录web端或联系管理员
2025-06-07 22:22:52,353	INFO	预约成功<br/>您已违约2次,详情请登录web端或联系管理员
2025-06-08 22:22:30,560	INFO	预约成功
2025-06-09 22:24:46,499	INFO	预约成功
2025-06-10 22:24:06,903	INFO	预约成功
2025-06-11 22:24:03,290	INFO	预约成功
2025-06-12 22:23:58,502	INFO	预约成功
2025-06-13 22:24:07,958	INFO	预约成功
2025-06-14 22:23:15,636	INFO	预约成功
2025-06-15 22:23:12,139	INFO	预约成功
2025-06-16 22:24:18,944	INFO	预约成功
2025-06-17 22:23:56,512	INFO	预约成功
2025-06-18 22:23:47,542	INFO	预约成功
2025-06-19 22:23:45,771	INFO	预约成功
2025-06-20 22:23:59,640	INFO	预约成功
2025-06-21 22:22:34,689	INFO	预约成功
2025-06-22 22:23:13,753	INFO	预约成功
2025-06-23 22:25:02,365	INFO	预约成功
2025-06-24 22:24:33,657	INFO	预约成功
2025-06-25 22:24:24,664	INFO	预约成功
2025-06-26 22:24:29,242	INFO	预约成功
2025-06-27 22:26:11,865	INFO	预约成功<br/>您已违约1次,详情请登录web端或联系管理员
2025-06-28 22:23:03,460	INFO	预约成功<br/>您已违约1次,详情请登录web端或联系管理员
2025-06-29 22:23:19,400	INFO	预约成功<br/>您已违约1次,详情请登录web端或联系管理员
2025-06-30 22:24:46,110	INFO	预约成功<br/>您已违约1次,详情请登录web端或联系管理员
2025-07-01 22:24:19,679	INFO	预约成功<br/>您已违约1次,详情请登录web端或联系管理员
2025-07-02 22:24:16,507	INFO	预约成功<br/>您已违约1次,详情请登录web端或联系管理员
2025-07-03 22:24:11,288	INFO	预约成功<br/>您已违约1次,详情请登录web端或联系管理员
2025-07-04 22:24:23,059	INFO	预约成功<br/>您已违约1次,详情请登录web端或联系管理员
2025-07-05 22:22:55,990	INFO	预约成功<br/>您已违约1次,详情请登录web端或联系管理员
2025-07-06 22:24:50,583	INFO	预约成功<br/>您已违约1次,详情请登录web端或联系管理员
2025-07-07 22:25:09,309	INFO	预约成功<br/>您已违约1次,详情请登录web端或联系管理员
2025-07-08 22:25:01,680	INFO	预约成功<br/>您已违约1次,详情请登录web端或联系管理员
2025-07-09 22:24:59,951	INFO	预约成功
2025-07-10 22:24:47,386	INFO	预约成功<br/>您已违约1次,详情请登录web端或联系管理员
2025-07-11 22:25:41,183	INFO	预约成功<br/>您已违约1次,详情请登录web端或联系管理员
2025-07-12 22:24:22,352	INFO	预约成功<br/>您已违约1次,详情请登录web端或联系管理员
2025-07-13 22:24:54,622	INFO	预约成功<br/>您已违约2次,详情请登录web端或联系管理员
2025-07-14 22:25:38,749	INFO	预约成功<br/>您已违约2次,详情请登录web端或联系管理员
2025-07-15 22:26:37,561	INFO	预约成功<br/>您已违约2次,详情请登录web端或联系管理员
2025-07-16 22:26:00,695	INFO	预约成功<br/>您已违约2次,详情请登录web端或联系管理员
2025-07-17 22:26:16,794	INFO	预约成功<br/>您已违约2次,详情请登录web端或联系管理员
2025-07-18 22:25:58,446	INFO	预约成功<br/>您已违约2次,详情请登录web端或联系管理员
2025-07-19 22:24:50,237	INFO	预约成功<br/>您已违约2次,详情请登录web端或联系管理员
2025-07-20 22:25:24,460	INFO	预约成功<br/>您已违约2次,详情请登录web端或联系管理员
2025-07-21 22:27:47,433	ERROR	An error occurred: ('Connection aborted.', RemoteDisconnected('Remote end closed connection without response'))
2025-07-22 22:25:47,890	INFO	预约成功<br/>您已违约2次,详情请登录web端或联系管理员
2025-07-23 22:26:30,853	INFO	预约成功<br/>您已违约2次,详情请登录web端或联系管理员
2025-07-24 22:26:33,816	INFO	预约成功<br/>您已违约2次,详情请登录web端或联系管理员
2025-07-25 22:26:01,263	INFO	预约成功
2025-07-26 22:25:00,754	INFO	预约成功
2025-07-27 22:25:18,785	INFO	预约成功
2025-07-28 22:27:57,657	INFO	预约成功
2025-07-29 22:26:53,898	INFO	预约成功
2025-07-30 22:26:29,481	INFO	预约成功<br/>您已违约1次,详情请登录web端或联系管理员
2025-07-31 22:26:55,716	INFO	预约成功
2025-08-01 22:26:28,433	INFO	预约成功
2025-08-02 22:25:43,109	INFO	预约成功
2025-08-03 22:26:18,056	INFO	预约成功
2025-08-04 22:27:15,666	INFO	预约成功
2025-08-05 22:27:50,533	INFO	预约成功
2025-08-06 22:27:35,529	INFO	预约成功
2025-08-07 22:27:30,944	INFO	预约成功
2025-08-08 22:25:32,603	INFO	预约成功
